<?xml version="1.0" encoding="UTF-8"?>
<testng-results total="4" passed="4" failed="0" skipped="0">
  <reporter-output>
  </reporter-output>
  <suite started-at="2022-07-18T09:25:20Z" name="Default suite" finished-at="2022-07-18T09:25:20Z" duration-ms="56">
    <groups>
    </groups>
    <test started-at="2022-07-18T09:25:20Z" name="Default test" finished-at="2022-07-18T09:25:20Z" duration-ms="56">
      <class name="org.mavenproject.PracticeTest">
        <test-method signature="test1()[pri:0, instance:org.mavenproject.PracticeTest@1ab06251]" started-at="2022-07-18T14:55:20Z" name="test1" finished-at="2022-07-18T14:55:20Z" duration-ms="17" status="PASS">
          <reporter-output>
          </reporter-output>
        </test-method> <!-- test1 -->
        <test-method signature="test2()[pri:0, instance:org.mavenproject.PracticeTest@1ab06251]" started-at="2022-07-18T14:55:20Z" name="test2" finished-at="2022-07-18T14:55:20Z" duration-ms="3" status="PASS">
          <reporter-output>
          </reporter-output>
        </test-method> <!-- test2 -->
        <test-method signature="test3()[pri:0, instance:org.mavenproject.PracticeTest@1ab06251]" started-at="2022-07-18T14:55:20Z" name="test3" finished-at="2022-07-18T14:55:20Z" duration-ms="2" status="PASS">
          <reporter-output>
          </reporter-output>
        </test-method> <!-- test3 -->
        <test-method signature="test4()[pri:0, instance:org.mavenproject.PracticeTest@1ab06251]" started-at="2022-07-18T14:55:20Z" name="test4" finished-at="2022-07-18T14:55:20Z" duration-ms="2" status="PASS">
          <reporter-output>
          </reporter-output>
        </test-method> <!-- test4 -->
      </class> <!-- org.mavenproject.PracticeTest -->
    </test> <!-- Default test -->
  </suite> <!-- Default suite -->
</testng-results>
