<?xml version="1.0" encoding="UTF-8"?>
<!-- Generated by org.testng.reporters.JUnitXMLReporter -->
<testsuite hostname="DESKTOP-4I82V8A" failures="0" tests="4" name="Default test" time="0.056" errors="0" timestamp="18 Jul 2022 09:25:20 GMT">
  <testcase classname="org.mavenproject.PracticeTest" name="test1" time="0.017"/>
  <testcase classname="org.mavenproject.PracticeTest" name="test2" time="0.003"/>
  <testcase classname="org.mavenproject.PracticeTest" name="test3" time="0.002"/>
  <testcase classname="org.mavenproject.PracticeTest" name="test4" time="0.002"/>
</testsuite> <!-- Default test -->
